[2025-10-30T07:00:46.183995+00:00] pubsub-producer.INFO: Producer initialized for topic: projects/gen-lang-client-0327718602/topics/CKG-TB  [] []
[2025-10-30T07:00:46.418785+00:00] pubsub-producer.ERROR: Error getting topic info: {   "error": {     "code": 403,     "message": "Method doesn't allow unregistered callers (callers without established identity). Please use API Key or other form of API consumer identity to call this API.",     "status": "PERMISSION_DENIED"   } }  [] []
[2025-10-30T07:00:46.461691+00:00] pubsub-producer.ERROR: Error ensuring topic exists: {   "error": {     "code": 403,     "message": "Method doesn't allow unregistered callers (callers without established identity). Please use API Key or other form of API consumer identity to call this API.",     "status": "PERMISSION_DENIED"   } }  [] []
[2025-10-30T07:00:46.511829+00:00] pubsub-producer.ERROR: Error listing subscriptions: {   "error": {     "code": 403,     "message": "Method doesn't allow unregistered callers (callers without established identity). Please use API Key or other form of API consumer identity to call this API.",     "status": "PERMISSION_DENIED"   } }  [] []
[2025-10-30T07:00:46.547754+00:00] pubsub-producer.ERROR: Error ensuring topic exists: {   "error": {     "code": 403,     "message": "Method doesn't allow unregistered callers (callers without established identity). Please use API Key or other form of API consumer identity to call this API.",     "status": "PERMISSION_DENIED"   } }  [] []
[2025-10-30T07:00:46.548016+00:00] pubsub-producer.INFO: Publishing 5 messages in 1 batches [] []
[2025-10-30T07:00:46.588321+00:00] pubsub-producer.ERROR: Error ensuring topic exists: {   "error": {     "code": 403,     "message": "Method doesn't allow unregistered callers (callers without established identity). Please use API Key or other form of API consumer identity to call this API.",     "status": "PERMISSION_DENIED"   } }  [] []
[2025-10-30T07:00:46.588615+00:00] pubsub-producer.WARNING: Failed to publish message at index 0 [] []
[2025-10-30T07:00:46.643112+00:00] pubsub-producer.ERROR: Error ensuring topic exists: {   "error": {     "code": 403,     "message": "Method doesn't allow unregistered callers (callers without established identity). Please use API Key or other form of API consumer identity to call this API.",     "status": "PERMISSION_DENIED"   } }  [] []
[2025-10-30T07:00:46.643476+00:00] pubsub-producer.WARNING: Failed to publish message at index 1 [] []
[2025-10-30T07:00:46.722431+00:00] pubsub-producer.ERROR: Error ensuring topic exists: {   "error": {     "code": 403,     "message": "Method doesn't allow unregistered callers (callers without established identity). Please use API Key or other form of API consumer identity to call this API.",     "status": "PERMISSION_DENIED"   } }  [] []
[2025-10-30T07:00:46.722969+00:00] pubsub-producer.WARNING: Failed to publish message at index 2 [] []
[2025-10-30T07:00:46.800166+00:00] pubsub-producer.ERROR: Error ensuring topic exists: {   "error": {     "code": 403,     "message": "Method doesn't allow unregistered callers (callers without established identity). Please use API Key or other form of API consumer identity to call this API.",     "status": "PERMISSION_DENIED"   } }  [] []
[2025-10-30T07:00:46.800491+00:00] pubsub-producer.WARNING: Failed to publish message at index 3 [] []
[2025-10-30T07:00:46.848317+00:00] pubsub-producer.ERROR: Error ensuring topic exists: {   "error": {     "code": 403,     "message": "Method doesn't allow unregistered callers (callers without established identity). Please use API Key or other form of API consumer identity to call this API.",     "status": "PERMISSION_DENIED"   } }  [] []
[2025-10-30T07:00:46.848747+00:00] pubsub-producer.WARNING: Failed to publish message at index 4 [] []
[2025-10-30T07:00:46.849041+00:00] pubsub-producer.INFO: Published 0 out of 5 messages (0% success rate) [] []
[2025-10-30T07:02:25.999800+00:00] pubsub-producer.INFO: Producer initialized for topic: CKG-TB  [] []
[2025-10-30T07:02:27.698054+00:00] pubsub-producer.ERROR: Error getting topic info: {   "error": {     "code": 403,     "message": "Method doesn't allow unregistered callers (callers without established identity). Please use API Key or other form of API consumer identity to call this API.",     "status": "PERMISSION_DENIED"   } }  [] []
[2025-10-30T07:02:27.755520+00:00] pubsub-producer.ERROR: Error ensuring topic exists: {   "error": {     "code": 403,     "message": "Method doesn't allow unregistered callers (callers without established identity). Please use API Key or other form of API consumer identity to call this API.",     "status": "PERMISSION_DENIED"   } }  [] []
[2025-10-30T07:02:27.809613+00:00] pubsub-producer.ERROR: Error listing subscriptions: {   "error": {     "code": 403,     "message": "Method doesn't allow unregistered callers (callers without established identity). Please use API Key or other form of API consumer identity to call this API.",     "status": "PERMISSION_DENIED"   } }  [] []
[2025-10-30T07:02:27.851337+00:00] pubsub-producer.ERROR: Error ensuring topic exists: {   "error": {     "code": 403,     "message": "Method doesn't allow unregistered callers (callers without established identity). Please use API Key or other form of API consumer identity to call this API.",     "status": "PERMISSION_DENIED"   } }  [] []
[2025-10-30T07:02:27.851815+00:00] pubsub-producer.INFO: Publishing 5 messages in 1 batches [] []
[2025-10-30T07:02:27.899008+00:00] pubsub-producer.ERROR: Error ensuring topic exists: {   "error": {     "code": 403,     "message": "Method doesn't allow unregistered callers (callers without established identity). Please use API Key or other form of API consumer identity to call this API.",     "status": "PERMISSION_DENIED"   } }  [] []
[2025-10-30T07:02:27.899252+00:00] pubsub-producer.WARNING: Failed to publish message at index 0 [] []
[2025-10-30T07:02:27.945932+00:00] pubsub-producer.ERROR: Error ensuring topic exists: {   "error": {     "code": 403,     "message": "Method doesn't allow unregistered callers (callers without established identity). Please use API Key or other form of API consumer identity to call this API.",     "status": "PERMISSION_DENIED"   } }  [] []
[2025-10-30T07:02:27.946403+00:00] pubsub-producer.WARNING: Failed to publish message at index 1 [] []
[2025-10-30T07:02:27.997645+00:00] pubsub-producer.ERROR: Error ensuring topic exists: {   "error": {     "code": 403,     "message": "Method doesn't allow unregistered callers (callers without established identity). Please use API Key or other form of API consumer identity to call this API.",     "status": "PERMISSION_DENIED"   } }  [] []
[2025-10-30T07:02:27.998127+00:00] pubsub-producer.WARNING: Failed to publish message at index 2 [] []
[2025-10-30T07:02:28.041698+00:00] pubsub-producer.ERROR: Error ensuring topic exists: {   "error": {     "code": 403,     "message": "Method doesn't allow unregistered callers (callers without established identity). Please use API Key or other form of API consumer identity to call this API.",     "status": "PERMISSION_DENIED"   } }  [] []
[2025-10-30T07:02:28.041879+00:00] pubsub-producer.WARNING: Failed to publish message at index 3 [] []
[2025-10-30T07:02:28.096984+00:00] pubsub-producer.ERROR: Error ensuring topic exists: {   "error": {     "code": 403,     "message": "Method doesn't allow unregistered callers (callers without established identity). Please use API Key or other form of API consumer identity to call this API.",     "status": "PERMISSION_DENIED"   } }  [] []
[2025-10-30T07:02:28.097125+00:00] pubsub-producer.WARNING: Failed to publish message at index 4 [] []
[2025-10-30T07:02:28.097228+00:00] pubsub-producer.INFO: Published 0 out of 5 messages (0% success rate) [] []
[2025-10-30T07:05:13.500508+00:00] pubsub-producer.INFO: Producer initialized for topic: CKG-TB  [] []
[2025-10-30T07:05:14.775481+00:00] pubsub-producer.ERROR: Error getting topic info: {   "error": {     "code": 403,     "message": "Method doesn't allow unregistered callers (callers without established identity). Please use API Key or other form of API consumer identity to call this API.",     "status": "PERMISSION_DENIED"   } }  [] []
[2025-10-30T07:05:14.835875+00:00] pubsub-producer.ERROR: Error ensuring topic exists: {   "error": {     "code": 403,     "message": "Method doesn't allow unregistered callers (callers without established identity). Please use API Key or other form of API consumer identity to call this API.",     "status": "PERMISSION_DENIED"   } }  [] []
[2025-10-30T07:05:14.887250+00:00] pubsub-producer.ERROR: Error listing subscriptions: {   "error": {     "code": 403,     "message": "Method doesn't allow unregistered callers (callers without established identity). Please use API Key or other form of API consumer identity to call this API.",     "status": "PERMISSION_DENIED"   } }  [] []
[2025-10-30T07:05:14.933756+00:00] pubsub-producer.ERROR: Error ensuring topic exists: {   "error": {     "code": 403,     "message": "Method doesn't allow unregistered callers (callers without established identity). Please use API Key or other form of API consumer identity to call this API.",     "status": "PERMISSION_DENIED"   } }  [] []
[2025-10-30T07:05:14.934094+00:00] pubsub-producer.INFO: Publishing 5 messages in 1 batches [] []
[2025-10-30T07:05:14.991799+00:00] pubsub-producer.ERROR: Error ensuring topic exists: {   "error": {     "code": 403,     "message": "Method doesn't allow unregistered callers (callers without established identity). Please use API Key or other form of API consumer identity to call this API.",     "status": "PERMISSION_DENIED"   } }  [] []
[2025-10-30T07:05:14.992176+00:00] pubsub-producer.WARNING: Failed to publish message at index 0 [] []
[2025-10-30T07:05:15.051988+00:00] pubsub-producer.ERROR: Error ensuring topic exists: {   "error": {     "code": 403,     "message": "Method doesn't allow unregistered callers (callers without established identity). Please use API Key or other form of API consumer identity to call this API.",     "status": "PERMISSION_DENIED"   } }  [] []
[2025-10-30T07:05:15.052486+00:00] pubsub-producer.WARNING: Failed to publish message at index 1 [] []
[2025-10-30T07:05:15.103219+00:00] pubsub-producer.ERROR: Error ensuring topic exists: {   "error": {     "code": 403,     "message": "Method doesn't allow unregistered callers (callers without established identity). Please use API Key or other form of API consumer identity to call this API.",     "status": "PERMISSION_DENIED"   } }  [] []
[2025-10-30T07:05:15.103674+00:00] pubsub-producer.WARNING: Failed to publish message at index 2 [] []
[2025-10-30T07:05:15.151178+00:00] pubsub-producer.ERROR: Error ensuring topic exists: {   "error": {     "code": 403,     "message": "Method doesn't allow unregistered callers (callers without established identity). Please use API Key or other form of API consumer identity to call this API.",     "status": "PERMISSION_DENIED"   } }  [] []
[2025-10-30T07:05:15.151283+00:00] pubsub-producer.WARNING: Failed to publish message at index 3 [] []
[2025-10-30T07:05:15.202533+00:00] pubsub-producer.ERROR: Error ensuring topic exists: {   "error": {     "code": 403,     "message": "Method doesn't allow unregistered callers (callers without established identity). Please use API Key or other form of API consumer identity to call this API.",     "status": "PERMISSION_DENIED"   } }  [] []
[2025-10-30T07:05:15.202640+00:00] pubsub-producer.WARNING: Failed to publish message at index 4 [] []
[2025-10-30T07:05:15.202789+00:00] pubsub-producer.INFO: Published 0 out of 5 messages (0% success rate) [] []
[2025-10-30T07:05:43.730625+00:00] pubsub-consumer.INFO: Consumer initialized for topic: CKG-TB , subscription: ckg_tb [] []
[2025-10-30T07:05:43.934821+00:00] pubsub-consumer.ERROR: Error ensuring subscription exists: {   "error": {     "code": 403,     "message": "Method doesn't allow unregistered callers (callers without established identity). Please use API Key or other form of API consumer identity to call this API.",     "status": "PERMISSION_DENIED"   } }  [] []
[2025-10-30T07:05:43.993502+00:00] pubsub-consumer.ERROR: Error getting subscription info: {   "error": {     "code": 403,     "message": "Method doesn't allow unregistered callers (callers without established identity). Please use API Key or other form of API consumer identity to call this API.",     "status": "PERMISSION_DENIED"   } }  [] []
[2025-10-30T07:05:43.994051+00:00] pubsub-consumer.INFO: Starting message listener... [] []
[2025-10-30T07:05:43.994268+00:00] pubsub-consumer.INFO: Listening to subscription: ckg_tb [] []
[2025-10-30T07:05:43.994502+00:00] pubsub-consumer.INFO: Sleep time: 5s, Max messages per pull: 10 [] []
[2025-10-30T07:05:43.994725+00:00] pubsub-consumer.INFO: Press Ctrl+C to stop [] []
[2025-10-30T07:06:04.564359+00:00] pubsub-consumer.INFO: Consumer initialized for topic: CKG-TB , subscription: ckg_tb [] []
[2025-10-30T07:06:06.287245+00:00] pubsub-consumer.ERROR: Error ensuring subscription exists: {   "error": {     "code": 403,     "message": "Method doesn't allow unregistered callers (callers without established identity). Please use API Key or other form of API consumer identity to call this API.",     "status": "PERMISSION_DENIED"   } }  [] []
[2025-10-30T07:06:06.344991+00:00] pubsub-consumer.ERROR: Error getting subscription info: {   "error": {     "code": 403,     "message": "Method doesn't allow unregistered callers (callers without established identity). Please use API Key or other form of API consumer identity to call this API.",     "status": "PERMISSION_DENIED"   } }  [] []
[2025-10-30T07:06:06.345562+00:00] pubsub-consumer.INFO: Starting message listener... [] []
[2025-10-30T07:06:06.345823+00:00] pubsub-consumer.INFO: Listening to subscription: ckg_tb [] []
[2025-10-30T07:06:06.346032+00:00] pubsub-consumer.INFO: Sleep time: 5s, Max messages per pull: 10 [] []
[2025-10-30T07:06:06.346287+00:00] pubsub-consumer.INFO: Press Ctrl+C to stop [] []
[2025-10-30T07:09:02.377157+00:00] pubsub-consumer.INFO: Consumer initialized for topic: CKG-TB, subscription: ckg_tb [] []
[2025-10-30T07:09:04.129379+00:00] pubsub-consumer.ERROR: Error ensuring subscription exists: {   "error": {     "code": 403,     "message": "Method doesn't allow unregistered callers (callers without established identity). Please use API Key or other form of API consumer identity to call this API.",     "status": "PERMISSION_DENIED"   } }  [] []
[2025-10-30T07:09:04.203660+00:00] pubsub-consumer.ERROR: Error getting subscription info: {   "error": {     "code": 403,     "message": "Method doesn't allow unregistered callers (callers without established identity). Please use API Key or other form of API consumer identity to call this API.",     "status": "PERMISSION_DENIED"   } }  [] []
[2025-10-30T07:09:04.204527+00:00] pubsub-consumer.INFO: Starting message listener... [] []
[2025-10-30T07:09:04.205221+00:00] pubsub-consumer.INFO: Listening to subscription: ckg_tb [] []
[2025-10-30T07:09:04.205625+00:00] pubsub-consumer.INFO: Sleep time: 5s, Max messages per pull: 10 [] []
[2025-10-30T07:09:04.206017+00:00] pubsub-consumer.INFO: Press Ctrl+C to stop [] []
[2025-10-30T07:09:08.028589+00:00] pubsub-producer.INFO: Producer initialized for topic: CKG-TB [] []
[2025-10-30T07:09:08.169609+00:00] pubsub-producer.ERROR: Error getting topic info: {   "error": {     "code": 403,     "message": "Method doesn't allow unregistered callers (callers without established identity). Please use API Key or other form of API consumer identity to call this API.",     "status": "PERMISSION_DENIED"   } }  [] []
[2025-10-30T07:09:08.213268+00:00] pubsub-producer.ERROR: Error ensuring topic exists: {   "error": {     "code": 403,     "message": "Method doesn't allow unregistered callers (callers without established identity). Please use API Key or other form of API consumer identity to call this API.",     "status": "PERMISSION_DENIED"   } }  [] []
[2025-10-30T07:09:08.279991+00:00] pubsub-producer.ERROR: Error listing subscriptions: {   "error": {     "code": 403,     "message": "Method doesn't allow unregistered callers (callers without established identity). Please use API Key or other form of API consumer identity to call this API.",     "status": "PERMISSION_DENIED"   } }  [] []
[2025-10-30T07:09:08.317101+00:00] pubsub-producer.ERROR: Error ensuring topic exists: {   "error": {     "code": 403,     "message": "Method doesn't allow unregistered callers (callers without established identity). Please use API Key or other form of API consumer identity to call this API.",     "status": "PERMISSION_DENIED"   } }  [] []
[2025-10-30T07:09:08.317219+00:00] pubsub-producer.INFO: Publishing 5 messages in 1 batches [] []
[2025-10-30T07:09:08.359146+00:00] pubsub-producer.ERROR: Error ensuring topic exists: {   "error": {     "code": 403,     "message": "Method doesn't allow unregistered callers (callers without established identity). Please use API Key or other form of API consumer identity to call this API.",     "status": "PERMISSION_DENIED"   } }  [] []
[2025-10-30T07:09:08.359246+00:00] pubsub-producer.WARNING: Failed to publish message at index 0 [] []
[2025-10-30T07:09:08.403580+00:00] pubsub-producer.ERROR: Error ensuring topic exists: {   "error": {     "code": 403,     "message": "Method doesn't allow unregistered callers (callers without established identity). Please use API Key or other form of API consumer identity to call this API.",     "status": "PERMISSION_DENIED"   } }  [] []
[2025-10-30T07:09:08.403892+00:00] pubsub-producer.WARNING: Failed to publish message at index 1 [] []
[2025-10-30T07:09:08.469496+00:00] pubsub-producer.ERROR: Error ensuring topic exists: {   "error": {     "code": 403,     "message": "Method doesn't allow unregistered callers (callers without established identity). Please use API Key or other form of API consumer identity to call this API.",     "status": "PERMISSION_DENIED"   } }  [] []
[2025-10-30T07:09:08.469981+00:00] pubsub-producer.WARNING: Failed to publish message at index 2 [] []
[2025-10-30T07:09:08.528929+00:00] pubsub-producer.ERROR: Error ensuring topic exists: {   "error": {     "code": 403,     "message": "Method doesn't allow unregistered callers (callers without established identity). Please use API Key or other form of API consumer identity to call this API.",     "status": "PERMISSION_DENIED"   } }  [] []
[2025-10-30T07:09:08.529414+00:00] pubsub-producer.WARNING: Failed to publish message at index 3 [] []
[2025-10-30T07:09:08.579351+00:00] pubsub-producer.ERROR: Error ensuring topic exists: {   "error": {     "code": 403,     "message": "Method doesn't allow unregistered callers (callers without established identity). Please use API Key or other form of API consumer identity to call this API.",     "status": "PERMISSION_DENIED"   } }  [] []
[2025-10-30T07:09:08.579834+00:00] pubsub-producer.WARNING: Failed to publish message at index 4 [] []
[2025-10-30T07:09:08.580018+00:00] pubsub-producer.INFO: Published 0 out of 5 messages (0% success rate) [] []
[2025-10-30T07:11:59.369401+00:00] pubsub-consumer.INFO: Consumer initialized for topic: CKG-TB, subscription: ckg_tb [] []
[2025-10-30T07:12:00.817341+00:00] pubsub-consumer.INFO: Subscription 'ckg_tb' already exists. [] []
[2025-10-30T07:12:49.835760+00:00] pubsub-consumer.INFO: Consumer initialized for topic: CKG-TB, subscription: ckg_tb [] []
[2025-10-30T07:12:51.551529+00:00] pubsub-consumer.INFO: Subscription 'ckg_tb' already exists. [] []
[2025-10-30T07:12:52.097896+00:00] pubsub-consumer.INFO: Subscription info retrieved: {"name":"projects\/gen-lang-client-0327718602\/subscriptions\/ckg_tb","topic":"projects\/gen-lang-client-0327718602\/topics\/CKG-TB","exists":true,"messageRetentionDuration":"604800s"} [] []
[2025-10-30T07:12:52.098472+00:00] pubsub-consumer.INFO: Starting message listener... [] []
[2025-10-30T07:12:52.098785+00:00] pubsub-consumer.INFO: Listening to subscription: ckg_tb [] []
[2025-10-30T07:12:52.099088+00:00] pubsub-consumer.INFO: Sleep time: 5s, Max messages per pull: 10 [] []
[2025-10-30T07:12:52.099388+00:00] pubsub-consumer.INFO: Press Ctrl+C to stop [] []
[2025-10-30T07:13:50.681641+00:00] pubsub-consumer.INFO: Consumer initialized for topic: CKG-TB, subscription: ckg_tb [] []
[2025-10-30T07:13:51.704699+00:00] pubsub-consumer.INFO: Subscription 'ckg_tb' already exists. [] []
[2025-10-30T07:13:52.221996+00:00] pubsub-consumer.INFO: Subscription info retrieved: {"name":"projects\/gen-lang-client-0327718602\/subscriptions\/ckg_tb","topic":"projects\/gen-lang-client-0327718602\/topics\/CKG-TB","exists":true,"messageRetentionDuration":"604800s"} [] []
[2025-10-30T07:13:52.222469+00:00] pubsub-consumer.INFO: Starting message listener... [] []
[2025-10-30T07:13:52.222794+00:00] pubsub-consumer.INFO: Listening to subscription: ckg_tb [] []
[2025-10-30T07:13:52.222974+00:00] pubsub-consumer.INFO: Sleep time: 5s, Max messages per pull: 10 [] []
[2025-10-30T07:13:52.223105+00:00] pubsub-consumer.INFO: Press Ctrl+C to stop [] []
[2025-10-30T07:13:52.223263+00:00] pubsub-consumer.WARNING: PCNTL extension not found. Graceful shutdown (Ctrl+C) is disabled. [] []
[2025-10-30T07:14:12.659840+00:00] pubsub-consumer.INFO: Pulled 0 messages from subscription ckg_tb [] []
[2025-10-30T07:14:12.660391+00:00] pubsub-consumer.INFO: No messages to process. [] []
[2025-10-30T07:14:36.190442+00:00] pubsub-consumer.INFO: Pulled 0 messages from subscription ckg_tb [] []
[2025-10-30T07:14:36.191089+00:00] pubsub-consumer.INFO: No messages to process. [] []
[2025-10-30T07:14:59.680432+00:00] pubsub-consumer.INFO: Pulled 0 messages from subscription ckg_tb [] []
[2025-10-30T07:14:59.681063+00:00] pubsub-consumer.INFO: No messages to process. [] []
[2025-10-30T07:14:59.681623+00:00] pubsub-consumer.INFO: Runtime: 67s, Total processed: 0, Rate: 0 msg/s [] []
[2025-10-30T07:15:05.967793+00:00] pubsub-consumer.INFO: Pulled 1 messages from subscription ckg_tb [] []
[2025-10-30T07:15:05.968304+00:00] pubsub-consumer.INFO: Processing 1 messages... [] []
[2025-10-30T07:16:51.107577+00:00] pubsub-consumer.INFO: Consumer initialized for topic: CKG-TB, subscription: ckg_tb [] []
[2025-10-30T07:16:52.444620+00:00] pubsub-consumer.INFO: Subscription 'ckg_tb' already exists. [] []
[2025-10-30T07:16:52.957956+00:00] pubsub-consumer.INFO: Subscription info retrieved: {"name":"projects\/gen-lang-client-0327718602\/subscriptions\/ckg_tb","topic":"projects\/gen-lang-client-0327718602\/topics\/CKG-TB","exists":true,"messageRetentionDuration":"604800s"} [] []
[2025-10-30T07:16:52.958607+00:00] pubsub-consumer.INFO: Starting message listener... [] []
[2025-10-30T07:16:52.959054+00:00] pubsub-consumer.INFO: Listening to subscription: ckg_tb [] []
[2025-10-30T07:16:52.959356+00:00] pubsub-consumer.INFO: Sleep time: 5s, Max messages per pull: 10 [] []
[2025-10-30T07:16:52.959647+00:00] pubsub-consumer.INFO: Press Ctrl+C to stop [] []
[2025-10-30T07:16:52.959902+00:00] pubsub-consumer.WARNING: PCNTL extension not found. Graceful shutdown (Ctrl+C) is disabled. [] []
[2025-10-30T07:16:54.688105+00:00] pubsub-consumer.INFO: Pulled 1 messages from subscription ckg_tb [] []
[2025-10-30T07:16:54.688541+00:00] pubsub-consumer.INFO: Processing 1 messages... [] []
[2025-10-30T07:18:17.980439+00:00] pubsub-consumer.INFO: Consumer initialized for topic: CKG-TB, subscription: ckg_tb [] []
[2025-10-30T07:18:19.792100+00:00] pubsub-consumer.INFO: Subscription 'ckg_tb' already exists. [] []
[2025-10-30T07:18:20.271422+00:00] pubsub-consumer.INFO: Subscription info retrieved: {"name":"projects\/gen-lang-client-0327718602\/subscriptions\/ckg_tb","topic":"projects\/gen-lang-client-0327718602\/topics\/CKG-TB","exists":true,"messageRetentionDuration":"604800s"} [] []
[2025-10-30T07:18:20.271869+00:00] pubsub-consumer.INFO: Starting message listener... [] []
[2025-10-30T07:18:20.272080+00:00] pubsub-consumer.INFO: Listening to subscription: ckg_tb [] []
[2025-10-30T07:18:20.272258+00:00] pubsub-consumer.INFO: Sleep time: 5s, Max messages per pull: 10 [] []
[2025-10-30T07:18:20.272420+00:00] pubsub-consumer.INFO: Press Ctrl+C to stop [] []
[2025-10-30T07:18:20.272555+00:00] pubsub-consumer.WARNING: PCNTL extension not found. Graceful shutdown (Ctrl+C) is disabled. [] []
[2025-10-30T07:18:39.718069+00:00] pubsub-consumer.INFO: Pulled 0 messages from subscription ckg_tb [] []
[2025-10-30T07:18:39.718870+00:00] pubsub-consumer.INFO: No messages to process. [] []
[2025-10-30T07:18:45.422126+00:00] pubsub-consumer.INFO: Pulled 1 messages from subscription ckg_tb [] []
[2025-10-30T07:18:45.422593+00:00] pubsub-consumer.INFO: Processing 1 messages... [] []
[2025-10-30T07:18:46.546936+00:00] pubsub-consumer.INFO: Acknowledged 1 messages [] []
[2025-10-30T07:18:46.547296+00:00] pubsub-consumer.INFO: Processed 1/1 messages (100% success rate) in 1.12s [] []
[2025-10-30T07:19:09.721938+00:00] pubsub-consumer.INFO: Pulled 0 messages from subscription ckg_tb [] []
[2025-10-30T07:19:09.722666+00:00] pubsub-consumer.INFO: No messages to process. [] []
[2025-10-30T07:19:33.444008+00:00] pubsub-consumer.INFO: Pulled 0 messages from subscription ckg_tb [] []
[2025-10-30T07:19:33.444573+00:00] pubsub-consumer.INFO: No messages to process. [] []
[2025-10-30T07:19:33.445055+00:00] pubsub-consumer.INFO: Runtime: 73s, Total processed: 1, Rate: 0.01 msg/s [] []
[2025-10-30T07:19:52.378250+00:00] pubsub-producer.INFO: Producer initialized for topic: CKG-TB [] []
[2025-10-30T07:19:52.872890+00:00] pubsub-producer.INFO: Topic info retrieved: {"name":"projects\/gen-lang-client-0327718602\/topics\/CKG-TB","exists":true,"publishConfig":null} [] []
[2025-10-30T07:19:54.496197+00:00] pubsub-producer.INFO: Subscription 'ckg_tb' already exists. [] []
[2025-10-30T07:19:55.886473+00:00] pubsub-producer.INFO: Found 1 subscriptions for topic CKG-TB [] []
[2025-10-30T07:19:56.216369+00:00] pubsub-producer.WARNING: Publish attempt 1 failed: {   "error": {     "code": 400,     "message": "Invalid value at 'messages[0].attributes[1].value' (TYPE_STRING), 1761808795",     "status": "INVALID_ARGUMENT",     "details": [       {         "@type": "type.googleapis.com/google.rpc.BadRequest",         "fieldViolations": [           {             "field": "messages[0].attributes[1].value",             "description": "Invalid value at 'messages[0].attributes[1].value' (TYPE_STRING), 1761808795"           }         ]       }     ]   } }  [] []
[2025-10-30T07:19:56.753172+00:00] pubsub-consumer.INFO: Pulled 0 messages from subscription ckg_tb [] []
[2025-10-30T07:19:56.753718+00:00] pubsub-consumer.INFO: No messages to process. [] []
[2025-10-30T07:19:58.257693+00:00] pubsub-producer.WARNING: Publish attempt 2 failed: {   "error": {     "code": 400,     "message": "Invalid value at 'messages[0].attributes[1].value' (TYPE_STRING), 1761808795",     "status": "INVALID_ARGUMENT",     "details": [       {         "@type": "type.googleapis.com/google.rpc.BadRequest",         "fieldViolations": [           {             "field": "messages[0].attributes[1].value",             "description": "Invalid value at 'messages[0].attributes[1].value' (TYPE_STRING), 1761808795"           }         ]       }     ]   } }  [] []
[2025-10-30T07:20:02.312339+00:00] pubsub-producer.WARNING: Publish attempt 3 failed: {   "error": {     "code": 400,     "message": "Invalid value at 'messages[0].attributes[1].value' (TYPE_STRING), 1761808795",     "status": "INVALID_ARGUMENT",     "details": [       {         "@type": "type.googleapis.com/google.rpc.BadRequest",         "fieldViolations": [           {             "field": "messages[0].attributes[1].value",             "description": "Invalid value at 'messages[0].attributes[1].value' (TYPE_STRING), 1761808795"           }         ]       }     ]   } }  [] []
[2025-10-30T07:20:02.312861+00:00] pubsub-producer.ERROR: Failed to publish message after 3 attempts [] []
[2025-10-30T07:20:02.313188+00:00] pubsub-producer.INFO: Publishing 5 messages in 1 batches [] []
[2025-10-30T07:20:03.049666+00:00] pubsub-consumer.INFO: Pulled 1 messages from subscription ckg_tb [] []
[2025-10-30T07:20:03.050179+00:00] pubsub-consumer.INFO: Processing 1 messages... [] []
[2025-10-30T07:20:04.150172+00:00] pubsub-consumer.INFO: Acknowledged 1 messages [] []
[2025-10-30T07:20:04.150679+00:00] pubsub-consumer.INFO: Processed 1/1 messages (100% success rate) in 1.1s [] []
[2025-10-30T07:20:27.234658+00:00] pubsub-consumer.INFO: Pulled 0 messages from subscription ckg_tb [] []
[2025-10-30T07:20:27.235231+00:00] pubsub-consumer.INFO: No messages to process. [] []
[2025-10-30T07:20:50.799034+00:00] pubsub-consumer.INFO: Pulled 0 messages from subscription ckg_tb [] []
[2025-10-30T07:20:50.799638+00:00] pubsub-consumer.INFO: No messages to process. [] []
[2025-10-30T07:20:50.799936+00:00] pubsub-consumer.INFO: Runtime: 150s, Total processed: 2, Rate: 0.01 msg/s [] []
[2025-10-30T07:21:14.246943+00:00] pubsub-consumer.INFO: Pulled 0 messages from subscription ckg_tb [] []
[2025-10-30T07:21:14.247281+00:00] pubsub-consumer.INFO: No messages to process. [] []
[2025-10-30T07:21:37.823847+00:00] pubsub-consumer.INFO: Pulled 0 messages from subscription ckg_tb [] []
[2025-10-30T07:21:37.824503+00:00] pubsub-consumer.INFO: No messages to process. [] []
[2025-10-30T07:22:01.260916+00:00] pubsub-consumer.INFO: Pulled 0 messages from subscription ckg_tb [] []
[2025-10-30T07:22:01.261502+00:00] pubsub-consumer.INFO: No messages to process. [] []
[2025-10-30T07:22:01.261919+00:00] pubsub-consumer.INFO: Runtime: 221s, Total processed: 2, Rate: 0.01 msg/s [] []
[2025-10-30T07:22:24.766671+00:00] pubsub-consumer.INFO: Pulled 0 messages from subscription ckg_tb [] []
[2025-10-30T07:22:24.767222+00:00] pubsub-consumer.INFO: No messages to process. [] []
[2025-10-30T07:22:48.375701+00:00] pubsub-consumer.INFO: Pulled 0 messages from subscription ckg_tb [] []
[2025-10-30T07:22:48.376447+00:00] pubsub-consumer.INFO: No messages to process. [] []
[2025-10-30T07:23:11.795862+00:00] pubsub-consumer.INFO: Pulled 0 messages from subscription ckg_tb [] []
[2025-10-30T07:23:11.796515+00:00] pubsub-consumer.INFO: No messages to process. [] []
[2025-10-30T07:23:11.796776+00:00] pubsub-consumer.INFO: Runtime: 291s, Total processed: 2, Rate: 0.01 msg/s [] []
[2025-10-30T07:23:35.286650+00:00] pubsub-consumer.INFO: Pulled 0 messages from subscription ckg_tb [] []
[2025-10-30T07:23:35.287294+00:00] pubsub-consumer.INFO: No messages to process. [] []
[2025-10-30T07:23:58.942449+00:00] pubsub-consumer.INFO: Pulled 0 messages from subscription ckg_tb [] []
[2025-10-30T07:23:58.942904+00:00] pubsub-consumer.INFO: No messages to process. [] []
[2025-10-30T07:24:22.455332+00:00] pubsub-consumer.INFO: Pulled 0 messages from subscription ckg_tb [] []
[2025-10-30T07:24:22.456132+00:00] pubsub-consumer.INFO: No messages to process. [] []
[2025-10-30T07:24:22.456863+00:00] pubsub-consumer.INFO: Runtime: 362s, Total processed: 2, Rate: 0.01 msg/s [] []
[2025-10-30T07:24:45.997180+00:00] pubsub-consumer.INFO: Pulled 0 messages from subscription ckg_tb [] []
[2025-10-30T07:24:45.997839+00:00] pubsub-consumer.INFO: No messages to process. [] []
[2025-10-30T07:25:09.460198+00:00] pubsub-consumer.INFO: Pulled 0 messages from subscription ckg_tb [] []
[2025-10-30T07:25:09.460805+00:00] pubsub-consumer.INFO: No messages to process. [] []
[2025-10-30T07:25:32.966786+00:00] pubsub-consumer.INFO: Pulled 0 messages from subscription ckg_tb [] []
[2025-10-30T07:25:32.967472+00:00] pubsub-consumer.INFO: No messages to process. [] []
[2025-10-30T07:25:32.967816+00:00] pubsub-consumer.INFO: Runtime: 432s, Total processed: 2, Rate: 0 msg/s [] []
[2025-10-30T07:25:56.495901+00:00] pubsub-consumer.INFO: Pulled 0 messages from subscription ckg_tb [] []
[2025-10-30T07:25:56.496756+00:00] pubsub-consumer.INFO: No messages to process. [] []
[2025-10-30T07:26:02.941540+00:00] pubsub-consumer.INFO: Pulled 1 messages from subscription ckg_tb [] []
[2025-10-30T07:26:02.942400+00:00] pubsub-consumer.INFO: Processing 1 messages... [] []
[2025-10-30T07:26:04.071537+00:00] pubsub-consumer.INFO: Acknowledged 1 messages [] []
[2025-10-30T07:26:04.071825+00:00] pubsub-consumer.INFO: Processed 1/1 messages (100% success rate) in 1.13s [] []
[2025-10-30T07:26:27.493239+00:00] pubsub-consumer.INFO: Pulled 0 messages from subscription ckg_tb [] []
[2025-10-30T07:26:27.493795+00:00] pubsub-consumer.INFO: No messages to process. [] []
[2025-10-30T07:26:50.982564+00:00] pubsub-consumer.INFO: Pulled 0 messages from subscription ckg_tb [] []
[2025-10-30T07:26:50.983102+00:00] pubsub-consumer.INFO: No messages to process. [] []
[2025-10-30T07:26:50.983429+00:00] pubsub-consumer.INFO: Runtime: 510s, Total processed: 3, Rate: 0.01 msg/s [] []
[2025-10-30T07:27:14.499141+00:00] pubsub-consumer.INFO: Pulled 0 messages from subscription ckg_tb [] []
[2025-10-30T07:27:14.499645+00:00] pubsub-consumer.INFO: No messages to process. [] []
[2025-10-30T07:27:38.007222+00:00] pubsub-consumer.INFO: Pulled 0 messages from subscription ckg_tb [] []
[2025-10-30T07:27:38.008095+00:00] pubsub-consumer.INFO: No messages to process. [] []
[2025-10-30T07:28:01.538239+00:00] pubsub-consumer.INFO: Pulled 0 messages from subscription ckg_tb [] []
[2025-10-30T07:28:01.538996+00:00] pubsub-consumer.INFO: No messages to process. [] []
[2025-10-30T07:28:01.539361+00:00] pubsub-consumer.INFO: Runtime: 581s, Total processed: 3, Rate: 0.01 msg/s [] []
[2025-10-30T07:28:25.009929+00:00] pubsub-consumer.INFO: Pulled 0 messages from subscription ckg_tb [] []
[2025-10-30T07:28:25.010679+00:00] pubsub-consumer.INFO: No messages to process. [] []
[2025-10-30T07:28:48.508532+00:00] pubsub-consumer.INFO: Pulled 0 messages from subscription ckg_tb [] []
[2025-10-30T07:28:48.509160+00:00] pubsub-consumer.INFO: No messages to process. [] []
[2025-10-30T07:29:12.020036+00:00] pubsub-consumer.INFO: Pulled 0 messages from subscription ckg_tb [] []
[2025-10-30T07:29:12.020612+00:00] pubsub-consumer.INFO: No messages to process. [] []
[2025-10-30T07:29:12.020839+00:00] pubsub-consumer.INFO: Runtime: 652s, Total processed: 3, Rate: 0 msg/s [] []
[2025-10-30T07:29:35.536009+00:00] pubsub-consumer.INFO: Pulled 0 messages from subscription ckg_tb [] []
[2025-10-30T07:29:35.536591+00:00] pubsub-consumer.INFO: No messages to process. [] []
[2025-10-30T07:29:47.077380+00:00] pubsub-producer.INFO: Producer initialized for topic: CKG-TB [] []
[2025-10-30T07:29:47.562559+00:00] pubsub-producer.INFO: Topic info retrieved: {"name":"projects\/gen-lang-client-0327718602\/topics\/CKG-TB","exists":true,"publishConfig":null} [] []
[2025-10-30T07:29:49.203454+00:00] pubsub-producer.INFO: Subscription 'ckg_tb' already exists. [] []
[2025-10-30T07:29:49.792903+00:00] pubsub-producer.INFO: Found 1 subscriptions for topic CKG-TB [] []
[2025-10-30T07:29:50.147119+00:00] pubsub-producer.WARNING: Publish attempt 1 failed: {   "error": {     "code": 400,     "message": "Invalid value at 'messages[0].attributes[1].value' (TYPE_STRING), 1761809389",     "status": "INVALID_ARGUMENT",     "details": [       {         "@type": "type.googleapis.com/google.rpc.BadRequest",         "fieldViolations": [           {             "field": "messages[0].attributes[1].value",             "description": "Invalid value at 'messages[0].attributes[1].value' (TYPE_STRING), 1761809389"           }         ]       }     ]   } }  [] []
[2025-10-30T07:29:52.207466+00:00] pubsub-producer.WARNING: Publish attempt 2 failed: {   "error": {     "code": 400,     "message": "Invalid value at 'messages[0].attributes[1].value' (TYPE_STRING), 1761809389",     "status": "INVALID_ARGUMENT",     "details": [       {         "@type": "type.googleapis.com/google.rpc.BadRequest",         "fieldViolations": [           {             "field": "messages[0].attributes[1].value",             "description": "Invalid value at 'messages[0].attributes[1].value' (TYPE_STRING), 1761809389"           }         ]       }     ]   } }  [] []
[2025-10-30T07:29:56.261606+00:00] pubsub-producer.WARNING: Publish attempt 3 failed: {   "error": {     "code": 400,     "message": "Invalid value at 'messages[0].attributes[1].value' (TYPE_STRING), 1761809389",     "status": "INVALID_ARGUMENT",     "details": [       {         "@type": "type.googleapis.com/google.rpc.BadRequest",         "fieldViolations": [           {             "field": "messages[0].attributes[1].value",             "description": "Invalid value at 'messages[0].attributes[1].value' (TYPE_STRING), 1761809389"           }         ]       }     ]   } }  [] []
[2025-10-30T07:29:56.262026+00:00] pubsub-producer.ERROR: Failed to publish message after 3 attempts [] []
[2025-10-30T07:29:56.262711+00:00] pubsub-producer.INFO: Publishing 5 messages in 1 batches [] []
[2025-10-30T07:29:57.243985+00:00] pubsub-consumer.INFO: Pulled 1 messages from subscription ckg_tb [] []
[2025-10-30T07:29:57.244512+00:00] pubsub-consumer.INFO: Processing 1 messages... [] []
[2025-10-30T07:29:58.354859+00:00] pubsub-consumer.INFO: Acknowledged 1 messages [] []
[2025-10-30T07:29:58.355181+00:00] pubsub-consumer.INFO: Processed 1/1 messages (100% success rate) in 1.11s [] []
[2025-10-30T07:30:14.969103+00:00] pubsub-producer.INFO: Producer initialized for topic: CKG-TB [] []
[2025-10-30T07:30:15.363730+00:00] pubsub-producer.INFO: Topic info retrieved: {"name":"projects\/gen-lang-client-0327718602\/topics\/CKG-TB","exists":true,"publishConfig":null} [] []
[2025-10-30T07:30:16.207088+00:00] pubsub-producer.INFO: Subscription 'ckg_tb' already exists. [] []
[2025-10-30T07:30:16.943048+00:00] pubsub-producer.INFO: Found 1 subscriptions for topic CKG-TB [] []
[2025-10-30T07:30:17.263540+00:00] pubsub-producer.WARNING: Publish attempt 1 failed: {   "error": {     "code": 400,     "message": "Invalid value at 'messages[0].attributes[1].value' (TYPE_STRING), 1761809416",     "status": "INVALID_ARGUMENT",     "details": [       {         "@type": "type.googleapis.com/google.rpc.BadRequest",         "fieldViolations": [           {             "field": "messages[0].attributes[1].value",             "description": "Invalid value at 'messages[0].attributes[1].value' (TYPE_STRING), 1761809416"           }         ]       }     ]   } }  [] []
[2025-10-30T07:30:19.309188+00:00] pubsub-producer.WARNING: Publish attempt 2 failed: {   "error": {     "code": 400,     "message": "Invalid value at 'messages[0].attributes[1].value' (TYPE_STRING), 1761809416",     "status": "INVALID_ARGUMENT",     "details": [       {         "@type": "type.googleapis.com/google.rpc.BadRequest",         "fieldViolations": [           {             "field": "messages[0].attributes[1].value",             "description": "Invalid value at 'messages[0].attributes[1].value' (TYPE_STRING), 1761809416"           }         ]       }     ]   } }  [] []
[2025-10-30T07:30:21.536354+00:00] pubsub-consumer.INFO: Pulled 0 messages from subscription ckg_tb [] []
[2025-10-30T07:30:21.536827+00:00] pubsub-consumer.INFO: No messages to process. [] []
[2025-10-30T07:30:21.537125+00:00] pubsub-consumer.INFO: Runtime: 721s, Total processed: 4, Rate: 0.01 msg/s [] []
[2025-10-30T07:30:23.345207+00:00] pubsub-producer.WARNING: Publish attempt 3 failed: {   "error": {     "code": 400,     "message": "Invalid value at 'messages[0].attributes[1].value' (TYPE_STRING), 1761809416",     "status": "INVALID_ARGUMENT",     "details": [       {         "@type": "type.googleapis.com/google.rpc.BadRequest",         "fieldViolations": [           {             "field": "messages[0].attributes[1].value",             "description": "Invalid value at 'messages[0].attributes[1].value' (TYPE_STRING), 1761809416"           }         ]       }     ]   } }  [] []
[2025-10-30T07:30:23.345373+00:00] pubsub-producer.ERROR: Failed to publish message after 3 attempts [] []
[2025-10-30T07:30:23.345533+00:00] pubsub-producer.INFO: Publishing 5 messages in 1 batches [] []
[2025-10-30T07:30:27.263421+00:00] pubsub-consumer.INFO: Pulled 1 messages from subscription ckg_tb [] []
[2025-10-30T07:30:27.263961+00:00] pubsub-consumer.INFO: Processing 1 messages... [] []
[2025-10-30T07:30:28.363456+00:00] pubsub-consumer.INFO: Acknowledged 1 messages [] []
[2025-10-30T07:30:28.363966+00:00] pubsub-consumer.INFO: Processed 1/1 messages (100% success rate) in 1.1s [] []
[2025-10-30T07:30:51.551714+00:00] pubsub-consumer.INFO: Pulled 0 messages from subscription ckg_tb [] []
[2025-10-30T07:30:51.556126+00:00] pubsub-consumer.INFO: No messages to process. [] []
[2025-10-30T07:31:15.059991+00:00] pubsub-consumer.INFO: Pulled 0 messages from subscription ckg_tb [] []
[2025-10-30T07:31:15.060696+00:00] pubsub-consumer.INFO: No messages to process. [] []
[2025-10-30T07:31:38.557943+00:00] pubsub-consumer.INFO: Pulled 0 messages from subscription ckg_tb [] []
[2025-10-30T07:31:38.558470+00:00] pubsub-consumer.INFO: No messages to process. [] []
[2025-10-30T07:31:38.558694+00:00] pubsub-consumer.INFO: Runtime: 798s, Total processed: 5, Rate: 0.01 msg/s [] []
[2025-10-30T07:32:02.066736+00:00] pubsub-consumer.INFO: Pulled 0 messages from subscription ckg_tb [] []
[2025-10-30T07:32:02.067332+00:00] pubsub-consumer.INFO: No messages to process. [] []
[2025-10-30T07:32:25.571964+00:00] pubsub-consumer.INFO: Pulled 0 messages from subscription ckg_tb [] []
[2025-10-30T07:32:25.572730+00:00] pubsub-consumer.INFO: No messages to process. [] []
[2025-10-30T07:32:38.124203+00:00] pubsub-producer.INFO: Producer initialized for topic: CKG-TB [] []
[2025-10-30T07:32:38.553483+00:00] pubsub-producer.INFO: Topic info retrieved: {"name":"projects\/gen-lang-client-0327718602\/topics\/CKG-TB","exists":true,"publishConfig":null} [] []
[2025-10-30T07:32:39.328260+00:00] pubsub-producer.INFO: Subscription 'ckg_tb' already exists. [] []
[2025-10-30T07:32:40.494847+00:00] pubsub-producer.INFO: Found 1 subscriptions for topic CKG-TB [] []
[2025-10-30T07:32:40.954500+00:00] pubsub-consumer.INFO: Pulled 1 messages from subscription ckg_tb [] []
[2025-10-30T07:32:40.954757+00:00] pubsub-consumer.INFO: Processing 1 messages... [] []
[2025-10-30T07:32:42.091264+00:00] pubsub-consumer.INFO: Acknowledged 1 messages [] []
[2025-10-30T07:32:42.091618+00:00] pubsub-consumer.INFO: Processed 1/1 messages (100% success rate) in 1.14s [] []
[2025-10-30T07:32:42.091848+00:00] pubsub-consumer.INFO: Runtime: 862s, Total processed: 6, Rate: 0.01 msg/s [] []
[2025-10-30T07:33:21.595094+00:00] pubsub-consumer.INFO: Pulled 0 messages from subscription ckg_tb [] []
[2025-10-30T07:33:21.595615+00:00] pubsub-consumer.INFO: No messages to process. [] []
[2025-10-30T07:33:30.239759+00:00] pubsub-producer.INFO: Producer initialized for topic: CKG-TB [] []
[2025-10-30T07:33:30.677959+00:00] pubsub-producer.INFO: Topic info retrieved: {"name":"projects\/gen-lang-client-0327718602\/topics\/CKG-TB","exists":true,"publishConfig":null} [] []
[2025-10-30T07:33:32.464603+00:00] pubsub-producer.INFO: Subscription 'ckg_tb' already exists. [] []
[2025-10-30T07:33:32.977407+00:00] pubsub-producer.INFO: Found 1 subscriptions for topic CKG-TB [] []
[2025-10-30T07:33:33.313119+00:00] pubsub-producer.INFO: Message published successfully. Message ID: , Data: [{"terduga_id":"123","pasien_nik":"3403011703850005","pasien_tb_id":"123-ab","status_diagnosa":"TBCSO","diagnosa_lab_metode":"TCM","diagnosa_lab_hasil":"rif-sen","tanggal_mulai_pengobatan":null,"tanggal_selesai_pengobatan":null,"hasil_akhir":null}] [] []
[2025-10-30T07:33:33.313682+00:00] pubsub-producer.ERROR: Messages must be a non-empty array [] []
[2025-10-30T07:33:33.423252+00:00] pubsub-consumer.INFO: Pulled 1 messages from subscription ckg_tb [] []
[2025-10-30T07:33:33.423523+00:00] pubsub-consumer.INFO: Processing 1 messages... [] []
[2025-10-30T07:33:34.575891+00:00] pubsub-consumer.INFO: Acknowledged 1 messages [] []
[2025-10-30T07:33:34.576498+00:00] pubsub-consumer.INFO: Processed 1/1 messages (100% success rate) in 1.15s [] []
[2025-10-30T07:33:58.098234+00:00] pubsub-consumer.INFO: Pulled 0 messages from subscription ckg_tb [] []
[2025-10-30T07:33:58.098975+00:00] pubsub-consumer.INFO: No messages to process. [] []
[2025-10-30T07:33:58.099315+00:00] pubsub-consumer.INFO: Runtime: 938s, Total processed: 7, Rate: 0.01 msg/s [] []
[2025-10-30T07:34:12.224740+00:00] pubsub-producer.INFO: Producer initialized for topic: CKG-TB [] []
[2025-10-30T07:34:12.896788+00:00] pubsub-producer.INFO: Topic info retrieved: {"name":"projects\/gen-lang-client-0327718602\/topics\/CKG-TB","exists":true,"publishConfig":null} [] []
[2025-10-30T07:34:14.682744+00:00] pubsub-producer.INFO: Subscription 'ckg_tb' already exists. [] []
[2025-10-30T07:34:15.220962+00:00] pubsub-producer.INFO: Found 1 subscriptions for topic CKG-TB [] []
[2025-10-30T07:34:15.570921+00:00] pubsub-producer.INFO: Message published successfully. Message ID: , Data: [{"terduga_id":"123","pasien_nik":"3403011703850005","pasien_tb_id":"123-ab","status_diagnosa":"TBCSO","diagnosa_lab_metode":"TCM","diagnosa_lab_hasil":"rif-sen","tanggal_mulai_pengobatan":null,"tanggal_selesai_pengobatan":null,"hasil_akhir":null}] [] []
[2025-10-30T07:34:15.571156+00:00] pubsub-producer.ERROR: Messages must be a non-empty array [] []
[2025-10-30T07:34:15.676846+00:00] pubsub-consumer.INFO: Pulled 1 messages from subscription ckg_tb [] []
[2025-10-30T07:34:15.677087+00:00] pubsub-consumer.INFO: Processing 1 messages... [] []
[2025-10-30T07:34:16.783717+00:00] pubsub-consumer.INFO: Acknowledged 1 messages [] []
[2025-10-30T07:34:16.784150+00:00] pubsub-consumer.INFO: Processed 1/1 messages (100% success rate) in 1.11s [] []
[2025-10-30T07:34:40.109497+00:00] pubsub-consumer.INFO: Pulled 0 messages from subscription ckg_tb [] []
[2025-10-30T07:34:40.110885+00:00] pubsub-consumer.INFO: No messages to process. [] []
[2025-10-30T07:35:03.617798+00:00] pubsub-consumer.INFO: Pulled 0 messages from subscription ckg_tb [] []
[2025-10-30T07:35:03.618584+00:00] pubsub-consumer.INFO: No messages to process. [] []
[2025-10-30T07:35:03.618911+00:00] pubsub-consumer.INFO: Runtime: 1003s, Total processed: 8, Rate: 0.01 msg/s [] []
[2025-10-30T07:35:27.134408+00:00] pubsub-consumer.INFO: Pulled 0 messages from subscription ckg_tb [] []
[2025-10-30T07:35:27.135155+00:00] pubsub-consumer.INFO: No messages to process. [] []
[2025-10-30T07:35:50.628222+00:00] pubsub-consumer.INFO: Pulled 0 messages from subscription ckg_tb [] []
[2025-10-30T07:35:50.629198+00:00] pubsub-consumer.INFO: No messages to process. [] []
[2025-10-30T07:36:14.140924+00:00] pubsub-consumer.INFO: Pulled 0 messages from subscription ckg_tb [] []
[2025-10-30T07:36:14.141708+00:00] pubsub-consumer.INFO: No messages to process. [] []
[2025-10-30T07:36:14.142107+00:00] pubsub-consumer.INFO: Runtime: 1074s, Total processed: 8, Rate: 0.01 msg/s [] []
[2025-10-30T07:36:37.653819+00:00] pubsub-consumer.INFO: Pulled 0 messages from subscription ckg_tb [] []
[2025-10-30T07:36:37.654598+00:00] pubsub-consumer.INFO: No messages to process. [] []
[2025-10-30T07:37:01.155050+00:00] pubsub-consumer.INFO: Pulled 0 messages from subscription ckg_tb [] []
[2025-10-30T07:37:01.155840+00:00] pubsub-consumer.INFO: No messages to process. [] []
[2025-10-30T07:37:24.653002+00:00] pubsub-consumer.INFO: Pulled 0 messages from subscription ckg_tb [] []
[2025-10-30T07:37:24.653737+00:00] pubsub-consumer.INFO: No messages to process. [] []
[2025-10-30T07:37:24.654044+00:00] pubsub-consumer.INFO: Runtime: 1144s, Total processed: 8, Rate: 0.01 msg/s [] []
[2025-10-30T07:37:48.156695+00:00] pubsub-consumer.INFO: Pulled 0 messages from subscription ckg_tb [] []
[2025-10-30T07:37:48.157541+00:00] pubsub-consumer.INFO: No messages to process. [] []
[2025-10-30T07:38:11.665458+00:00] pubsub-consumer.INFO: Pulled 0 messages from subscription ckg_tb [] []
[2025-10-30T07:38:11.667299+00:00] pubsub-consumer.INFO: No messages to process. [] []
[2025-10-30T07:38:35.420775+00:00] pubsub-consumer.INFO: Pulled 0 messages from subscription ckg_tb [] []
[2025-10-30T07:38:35.421932+00:00] pubsub-consumer.INFO: No messages to process. [] []
[2025-10-30T07:38:35.422350+00:00] pubsub-consumer.INFO: Runtime: 1215s, Total processed: 8, Rate: 0.01 msg/s [] []
